<?xml version="1.0" encoding="UTF-8"?>
<testng-results skipped="0" failed="0" ignored="0" total="1" passed="1">
  <reporter-output>
  </reporter-output>
  <suite name="Default suite" duration-ms="24571" started-at="2019-12-29T10:05:15 IST" finished-at="2019-12-29T10:05:39 IST">
    <groups>
    </groups>
    <test name="Default test" duration-ms="24571" started-at="2019-12-29T10:05:15 IST" finished-at="2019-12-29T10:05:39 IST">
      <class name="qsp3.Test_gmailusrnamandpasswrd">
        <test-method status="PASS" signature="gusernam()[pri:0, instance:qsp3.Test_gmailusrnamandpasswrd@319b92f3]" name="gusernam" duration-ms="24446" started-at="2019-12-29T10:05:15 IST" finished-at="2019-12-29T10:05:39 IST">
          <reporter-output>
          </reporter-output>
        </test-method> <!-- gusernam -->
      </class> <!-- qsp3.Test_gmailusrnamandpasswrd -->
    </test> <!-- Default test -->
  </suite> <!-- Default suite -->
</testng-results>
